<testsuite failures="1" name="src/test/java/examples/users/users.feature" skipped="0" tests="1" time="1.362275">
  <testcase classname="src.test.java.examples.users.users" name="azure report" time="1.362275">
    <failure message="users.feature:52 - status code was: 203, expected: 200, response time: 434, url: https://vstmr.dev.azure.com/selcuktemizsoy/selcuktemizsoy/_apis/testresults/results/resultmetadata?&amp;api-version=6.0-preview.4, response: &#13;&#10;&#13;&#10;&lt;!DOCTYPE html PUBLIC &quot;-//W3C//DTD XHTML 1.0 Strict//EN&quot; &quot;http://www.w3.org/TR/xhtml1/DTD/xhtml1-strict.dtd&quot;&gt;&#13;&#10;&#13;&#10;    &#13;&#10;    &#13;&#10;&#13;&#10;&lt;html lang=&quot;en-US&quot;&gt;&#13;&#10;&lt;head&gt;&lt;title&gt;&#13;&#10;&#9;&#13;&#10;            Azure DevOps Services | Sign In&#13;&#10;        &#13;&#10;&lt;/title&gt;&lt;meta http-equiv=&quot;X-UA-Compatible&quot; content=&quot;IE=11;&amp;#32;IE=10;&amp;#32;IE=9;&amp;#32;IE=8&quot; /&gt;&#13;&#10;    &lt;link rel=&quot;SHORTCUT ICON&quot; href=&quot;/favicon.ico&quot;/&gt;&#13;&#10;&#13;&#10;    &lt;link data-bundlelength=&quot;508992&quot; data-bundlename=&quot;commoncss&quot; data-highcontrast=&quot;/_static/tfs/M182_20210209.5/_cssbundles/HighContrast/vss-bundle-commoncss-v6u3Ge4AQ3uP84WaM1_W6QGvjulv0ohK4twlMPGNhjUY=&quot; data-includedstyles=&quot;jQueryUI-Modified;Core;Splitter;PivotView&quot; href=&quot;/_static/tfs/M182_20210209.5/_cssbundles/Default/vss-bundle-commoncss-vHQmPgPp5spmzbH-BlYoXG_Hn35TPVL28elmFhmVVmDU=&quot; rel=&quot;stylesheet&quot; /&gt;&#13;&#10;&lt;link data-bundlelength=&quot;116298&quot; data-bundlename=&quot;viewcss&quot; data-highcontrast=&quot;/_static/tfs/M182_20210209.5/_cssbundles/HighContrast/vss-bundle-viewcss-vtfMnrmJMJV2boj-Fa92RIMxY_zlsBBPAdos3V1rIXA4=&quot; data-includedstyles=&quot;VSS.Controls&quot; href=&quot;/_static/tfs/M182_20210209.5/_cssbundles/Default/vss-bundle-viewcss-v9YWu-gu1EsBKWCVDchwAqVtMik782dp5J3eM8pJXNoY=&quot; rel=&quot;stylesheet&quot; /&gt;&#13;&#10;&#13;&#10;    &lt;!--UxServices customizations --&gt;&#13;&#10;    &#13;&#10;    &lt;link href=&quot;/_static/tfs/M182_20210209.5/_content/Authentication.css&quot; type=&quot;text/css&quot; rel=&quot;stylesheet&quot; /&gt;&#13;&#10;    &#13;&#10;&lt;/head&gt;&#13;&#10;&#13;&#10;&lt;body class=&quot;platform&quot;&gt;&#13;&#10;&#13;&#10;    &lt;script type=&quot;text/javascript&quot;&gt; var __vssPageContext = {&quot;webContext&quot;:{&quot;user&quot;:{&quot;id&quot;:&quot;aaaaaaaa-aaaa-aaaa-aaaa-aaaaaaaaaaaa&quot;,&quot;name&quot;:&quot;Anonymous&quot;,&quot;email&quot;:&quot;&quot;,&quot;uniqueName&quot;:&quot;TEAM FOUNDATION\\Anonymous&quot;},&quot;host&quot;:{&quot;id&quot;:&quot;6ea8e2d5-abbb-45c8-a5e9-b79d88a48b35&quot;,&quot;name&quot;:&quot;TEAM FOUNDATION&quot;,&quot;uri&quot;:&quot;https://spsprodweu5.vssps.visualstudio.com/&quot;,&quot;relativeUri&quot;:&quot;/&quot;,&quot;hostType&quot;:&quot;deployment&quot;,&quot;scheme&quot;:&quot;https&quot;,&quot;authority&quot;:&quot;spsprodweu5.vssps.visualstudio.com&quot;}},&quot;moduleLoaderConfig&quot;:{&quot;baseUrl&quot;:&quot;/_static/tfs/M182_20210209.5/_scripts/TFS/min/&quot;,&quot;paths&quot;:{&quot;Profile/Scripts/Resources&quot;:&quot;en-US&quot;,&quot;VSS/Resources&quot;:&quot;en-US&quot;,&quot;Account/Scripts/Resources&quot;:&quot;en-US&quot;,&quot;UserManagement/Scripts/Resources&quot;:&quot;en-US&quot;,&quot;Authentication/Scripts/Resources&quot;:&quot;en-US&quot;},&quot;map&quot;:{},&quot;contributionPaths&quot;:{&quot;VSS&quot;:{&quot;value&quot;:&quot;/_static/tfs/M182_20210209.5/_scripts/TFS/min/VSS&quot;,&quot;pathType&quot;:&quot;default&quot;},&quot;VSS/Resources&quot;:{&quot;value&quot;:&quot;en-US&quot;,&quot;pathType&quot;:&quot;resource&quot;},&quot;q&quot;:{&quot;value&quot;:&quot;/_static/tfs/M182_20210209.5/_scripts/TFS/min/q&quot;,&quot;pathType&quot;:&quot;default&quot;},&quot;knockout&quot;:{&quot;value&quot;:&quot;/_static/tfs/M182_20210209.5/_scripts/TFS/min/knockout&quot;,&quot;pathType&quot;:&quot;default&quot;},&quot;mousetrap&quot;:{&quot;value&quot;:&quot;/_static/tfs/M182_20210209.5/_scripts/TFS/min/mousetrap&quot;,&quot;pathType&quot;:&quot;default&quot;},&quot;mustache&quot;:{&quot;value&quot;:&quot;/_static/tfs/M182_20210209.5/_scripts/TFS/min/mustache&quot;,&quot;pathType&quot;:&quot;default&quot;},&quot;react&quot;:{&quot;value&quot;:&quot;/_static/tfs/M182_20210209.5/_scripts/TFS/min/react.15.3&quot;,&quot;pathType&quot;:&quot;default&quot;},&quot;react-dom&quot;:{&quot;value&quot;:&quot;/_static/tfs/M182_20210209.5/_scripts/TFS/min/react-dom.15.3&quot;,&quot;pathType&quot;:&quot;default&quot;},&quot;react-transition-group&quot;:{&quot;value&quot;:&quot;/_static/tfs/M182_20210209.5/_scripts/TFS/min/react-transition-group.15.3&quot;,&quot;pathType&quot;:&quot;default&quot;},&quot;jQueryUI&quot;:{&quot;value&quot;:&quot;/_static/tfs/M182_20210209.5/_scripts/TFS/min/jQueryUI&quot;,&quot;pathType&quot;:&quot;default&quot;},&quot;jquery&quot;:{&quot;value&quot;:&quot;/_static/tfs/M182_20210209.5/_scripts/TFS/min/jquery&quot;,&quot;pathType&quot;:&quot;default&quot;},&quot;OfficeFabric&quot;:{&quot;value&quot;:&quot;/_static/tfs/M182_20210209.5/_scripts/TFS/min/OfficeFabric&quot;,&quot;pathType&quot;:&quot;default&quot;},&quot;tslib&quot;:{&quot;value&quot;:&quot;/_static/tfs/M182_20210209.5/_scripts/TFS/min/tslib&quot;,&quot;pathType&quot;:&quot;default&quot;},&quot;@uifabric&quot;:{&quot;value&quot;:&quot;/_static/tfs/M182_20210209.5/_scripts/TFS/min/@uifabric&quot;,&quot;pathType&quot;:&quot;default&quot;},&quot;VSSUI&quot;:{&quot;value&quot;:&quot;/_static/tfs/M182_20210209.5/_scripts/TFS/min/VSSUI&quot;,&quot;pathType&quot;:&quot;default&quot;}},&quot;shim&quot;:{&quot;jquery&quot;:{&quot;deps&quot;:[],&quot;exports&quot;:&quot;jQuery&quot;}},&quot;waitSeconds&quot;:30},&quot;coreReferences&quot;:{&quot;stylesheets&quot;:[{&quot;url&quot;:&quot;/_static/tfs/M182_20210209.5/_cssbundles/Default/vss-bundle-ext-core-css-vNmgDWCLCX0sHlt44FFqt9QrKVBLhz4rqsgP12zXSp8g=&quot;,&quot;highContrastUrl&quot;:null,&quot;isCoreStylesheet&quot;:true}],&quot;scripts&quot;:[{&quot;identifier&quot;:&quot;JQuery&quot;,&quot;url&quot;:&quot;/_static/3rdParty/_scripts/jquery-2.2.4.min.js&quot;,&quot;fallbackUrl&quot;:null,&quot;fallbackCondition&quot;:null,&quot;isCoreModule&quot;:true},{&quot;identifier&quot;:&quot;JQueryXDomain&quot;,&quot;url&quot;:&quot;/_static/3rdParty/_scripts/jquery.xdomainrequest.min.js&quot;,&quot;fallbackUrl&quot;:null,&quot;fallbackCondition&quot;:null,&quot;isCoreModule&quot;:true},{&quot;identifier&quot;:&quot;Promise&quot;,&quot;url&quot;:&quot;/_static/tfs/M182_20210209.5/_scripts/TFS/min/promise.js&quot;,&quot;fallbackUrl&quot;:null,&quot;fallbackCondition&quot;:null,&quot;isCoreModule&quot;:true},{&quot;identifier&quot;:&quot;GlobalScripts&quot;,&quot;url&quot;:&quot;/_static/tfs/M182_20210209.5/_scripts/TFS/min/global-scripts.js&quot;,&quot;fallbackUrl&quot;:null,&quot;fallbackCondition&quot;:null,&quot;isCoreModule&quot;:true},{&quot;identifier&quot;:&quot;LoaderFixes&quot;,&quot;url&quot;:&quot;/_static/tfs/M182_20210209.5/_scripts/TFS/pre-loader-shim.min.js&quot;,&quot;fallbackUrl&quot;:null,&quot;fallbackCondition&quot;:null,&quot;isCoreModule&quot;:false},{&quot;identifier&quot;:&quot;AMDLoader&quot;,&quot;url&quot;:&quot;/_static/3rdParty/_scripts/require.min.js&quot;,&quot;fallbackUrl&quot;:null,&quot;fallbackCondition&quot;:null,&quot;isCoreModule&quot;:true},{&quot;identifier&quot;:&quot;LoaderFixes&quot;,&quot;url&quot;:&quot;/_static/tfs/M182_20210209.5/_scripts/TFS/post-loader-shim.min.js&quot;,&quot;fallbackUrl&quot;:null,&quot;fallbackCondition&quot;:null,&quot;isCoreModule&quot;:false}],&quot;coreScriptsBundle&quot;:{&quot;identifier&quot;:&quot;CoreBundle&quot;,&quot;url&quot;:&quot;/_public/_Bundling/Content?bundle=vss-bundle-basejs-v9GpWWBnsWqhM23ijhK2HfAqLowTXGUqZLDRsBCZbkfY=&quot;,&quot;fallbackUrl&quot;:null,&quot;fallbackCondition&quot;:null,&quot;isCoreModule&quot;:true},&quot;extensionCoreReferences&quot;:{&quot;identifier&quot;:&quot;CoreBundle&quot;,&quot;url&quot;:&quot;/_public/_Bundling/Content?bundle=vss-bundle-ext-core-vsNJx8ypQuBWNwKzRW_9nV4pDw4J8h928hV1LG5CIPF8=&quot;,&quot;fallbackUrl&quot;:null,&quot;fallbackCondition&quot;:null,&quot;isCoreModule&quot;:true}},&quot;webAccessConfiguration&quot;:{&quot;isHosted&quot;:true,&quot;paths&quot;:{&quot;rootPath&quot;:&quot;/&quot;,&quot;staticContentRootPath&quot;:&quot;/&quot;,&quot;staticContentVersion&quot;:&quot;M182_20210209.5&quot;,&quot;resourcesPath&quot;:&quot;/_static/tfs/M182_20210209.5/_content/&quot;,&quot;staticRootTfs&quot;:&quot;/_static/tfs/M182_20210209.5/&quot;,&quot;cdnFallbackStaticRootTfs&quot;:&quot;/_static/tfs/M182_20210209.5/&quot;,&quot;staticRoot3rdParty&quot;:&quot;/_static/3rdParty/&quot;},&quot;api&quot;:{&quot;webApiVersion&quot;:&quot;1&quot;,&quot;areaPrefix&quot;:&quot;_&quot;,&quot;controllerPrefix&quot;:&quot;&quot;},&quot;mailSettings&quot;:{&quot;enabled&quot;:false},&quot;registryItems&quot;:{}},&quot;microsoftAjaxConfig&quot;:{&quot;cultureInfo&quot;:{&quot;name&quot;:&quot;en-US&quot;,&quot;numberFormat&quot;:{&quot;CurrencyDecimalDigits&quot;:2,&quot;CurrencyDecimalSeparator&quot;:&quot;.&quot;,&quot;IsReadOnly&quot;:true,&quot;CurrencyGroupSizes&quot;:[3],&quot;NumberGroupSizes&quot;:[3],&quot;PercentGroupSizes&quot;:[3],&quot;CurrencyGroupSeparator&quot;:&quot;,&quot;,&quot;CurrencySymbol&quot;:&quot;$&quot;,&quot;NaNSymbol&quot;:&quot;NaN&quot;,&quot;CurrencyNegativePattern&quot;:0,&quot;NumberNegativePattern&quot;:1,&quot;PercentPositivePattern&quot;:1,&quot;PercentNegativePattern&quot;:1,&quot;NegativeInfinitySymbol&quot;:&quot;-∞&quot;,&quot;NegativeSign&quot;:&quot;-&quot;,&quot;NumberDecimalDigits&quot;:2,&quot;NumberDecimalSeparator&quot;:&quot;.&quot;,&quot;NumberGroupSeparator&quot;:&quot;,&quot;,&quot;CurrencyPositivePattern&quot;:0,&quot;PositiveInfinitySymbol&quot;:&quot;∞&quot;,&quot;PositiveSign&quot;:&quot;+&quot;,&quot;PercentDecimalDigits&quot;:2,&quot;PercentDecimalSeparator&quot;:&quot;.&quot;,&quot;PercentGroupSeparator&quot;:&quot;,&quot;,&quot;PercentSymbol&quot;:&quot;%&quot;,&quot;PerMilleSymbol&quot;:&quot;‰&quot;,&quot;NativeDigits&quot;:[&quot;0&quot;,&quot;1&quot;,&quot;2&quot;,&quot;3&quot;,&quot;4&quot;,&quot;5&quot;,&quot;6&quot;,&quot;7&quot;,&quot;8&quot;,&quot;9&quot;],&quot;DigitSubstitution&quot;:1},&quot;dateTimeFormat&quot;:{&quot;AMDesignator&quot;:&quot;AM&quot;,&quot;Calendar&quot;:{&quot;MinSupportedDateTime&quot;:&quot;0001-01-01T00:00:00&quot;,&quot;MaxSupportedDateTime&quot;:&quot;9999-12-31T23:59:59.9999999&quot;,&quot;AlgorithmType&quot;:1,&quot;CalendarType&quot;:1,&quot;Eras&quot;:[1],&quot;TwoDigitYearMax&quot;:2029,&quot;IsReadOnly&quot;:true},&quot;DateSeparator&quot;:&quot;/&quot;,&quot;FirstDayOfWeek&quot;:0,&quot;CalendarWeekRule&quot;:0,&quot;FullDateTimePattern&quot;:&quot;dddd, MMMM d, yyyy h:mm:ss tt&quot;,&quot;LongDatePattern&quot;:&quot;dddd, MMMM d, yyyy&quot;,&quot;LongTimePattern&quot;:&quot;h:mm:ss tt&quot;,&quot;MonthDayPattern&quot;:&quot;MMMM d&quot;,&quot;PMDesignator&quot;:&quot;PM&quot;,&quot;RFC1123Pattern&quot;:&quot;ddd, dd MMM yyyy HH':'mm':'ss 'GMT'&quot;,&quot;ShortDatePattern&quot;:&quot;M/d/yyyy&quot;,&quot;ShortTimePattern&quot;:&quot;h:mm tt&quot;,&quot;SortableDateTimePattern&quot;:&quot;yyyy'-'MM'-'dd'T'HH':'mm':'ss&quot;,&quot;TimeSeparator&quot;:&quot;:&quot;,&quot;UniversalSortableDateTimePattern&quot;:&quot;yyyy'-'MM'-'dd HH':'mm':'ss'Z'&quot;,&quot;YearMonthPattern&quot;:&quot;MMMM yyyy&quot;,&quot;AbbreviatedDayNames&quot;:[&quot;Sun&quot;,&quot;Mon&quot;,&quot;Tue&quot;,&quot;Wed&quot;,&quot;Thu&quot;,&quot;Fri&quot;,&quot;Sat&quot;],&quot;ShortestDayNames&quot;:[&quot;Su&quot;,&quot;Mo&quot;,&quot;Tu&quot;,&quot;We&quot;,&quot;Th&quot;,&quot;Fr&quot;,&quot;Sa&quot;],&quot;DayNames&quot;:[&quot;Sunday&quot;,&quot;Monday&quot;,&quot;Tuesday&quot;,&quot;Wednesday&quot;,&quot;Thursday&quot;,&quot;Friday&quot;,&quot;Saturday&quot;],&quot;AbbreviatedMonthNames&quot;:[&quot;Jan&quot;,&quot;Feb&quot;,&quot;Mar&quot;,&quot;Apr&quot;,&quot;May&quot;,&quot;Jun&quot;,&quot;Jul&quot;,&quot;Aug&quot;,&quot;Sep&quot;,&quot;Oct&quot;,&quot;Nov&quot;,&quot;Dec&quot;,&quot;&quot;],&quot;MonthNames&quot;:[&quot;January&quot;,&quot;February&quot;,&quot;March&quot;,&quot;April&quot;,&quot;May&quot;,&quot;June&quot;,&quot;July&quot;,&quot;August&quot;,&quot;September&quot;,&quot;October&quot;,&quot;November&quot;,&quot;December&quot;,&quot;&quot;],&quot;IsReadOnly&quot;:true,&quot;NativeCalendarName&quot;:&quot;Gregorian Calendar&quot;,&quot;AbbreviatedMonthGenitiveNames&quot;:[&quot;Jan&quot;,&quot;Feb&quot;,&quot;Mar&quot;,&quot;Apr&quot;,&quot;May&quot;,&quot;Jun&quot;,&quot;Jul&quot;,&quot;Aug&quot;,&quot;Sep&quot;,&quot;Oct&quot;,&quot;Nov&quot;,&quot;Dec&quot;,&quot;&quot;],&quot;MonthGenitiveNames&quot;:[&quot;January&quot;,&quot;February&quot;,&quot;March&quot;,&quot;April&quot;,&quot;May&quot;,&quot;June&quot;,&quot;July&quot;,&quot;August&quot;,&quot;September&quot;,&quot;October&quot;,&quot;November&quot;,&quot;December&quot;,&quot;&quot;]},&quot;numberShortForm&quot;:{&quot;QuantitySymbols&quot;:[&quot;K&quot;,&quot;M&quot;,&quot;B&quot;],&quot;NumberGroupSize&quot;:1000,&quot;ThousandSymbol&quot;:&quot;K&quot;},&quot;eras&quot;:null}},&quot;timeZonesConfiguration&quot;:{},&quot;featureAvailability&quot;:{&quot;featureStates&quot;:{&quot;VisualStudio.Services.Contribution.EnableOnPremUnsecureBrowsers&quot;:false,&quot;VisualStudio.Service.WebPlatform.ClientErrorReporting&quot;:false,&quot;Microsoft.VisualStudio.Services.Gallery.Client.UseCdnAssetUri&quot;:false,&quot;VisualStudio.Services.WebAccess.SubresourceIntegrity&quot;:false,&quot;VisualStudio.Services.IdentityPicker.ReactProfileCard&quot;:true}},&quot;appInsightsConfiguration&quot;:{&quot;enabled&quot;:false,&quot;instrumentationKey&quot;:&quot;00000000-0000-0000-0000-000000000000&quot;,&quot;insightsScriptUrl&quot;:null},&quot;diagnostics&quot;:{&quot;sessionId&quot;:&quot;dd957026-5f52-4b5e-b5b6-2c61ba7d5b3b&quot;,&quot;activityId&quot;:&quot;dd957026-5f52-4b5e-b5b6-2c61ba7d5b3b&quot;,&quot;bundlingEnabled&quot;:true,&quot;webPlatformVersion&quot;:&quot;M182&quot;,&quot;serviceVersion&quot;:&quot;Dev18.M182.1 (build: AzureDevOps_M182_20210209.5)&quot;},&quot;navigation&quot;:{&quot;topMostLevel&quot;:&quot;deployment&quot;,&quot;area&quot;:&quot;&quot;,&quot;currentController&quot;:&quot;Signin&quot;,&quot;currentAction&quot;:&quot;Index&quot;,&quot;routeId&quot;:&quot;LegacyWebAccessRoute&quot;,&quot;routeValues&quot;:{&quot;controller&quot;:&quot;Signin&quot;,&quot;action&quot;:&quot;Index&quot;}},&quot;globalization&quot;:{&quot;explicitTheme&quot;:&quot;&quot;,&quot;theme&quot;:&quot;Default&quot;,&quot;culture&quot;:&quot;en-US&quot;,&quot;timezoneOffset&quot;:0,&quot;timeZoneId&quot;:&quot;UTC&quot;},&quot;serviceInstanceId&quot;:&quot;951917ac-a960-4999-8464-e3f0aa25b381&quot;,&quot;hubsContext&quot;:{},&quot;serviceLocations&quot;:{&quot;locations&quot;:{&quot;951917ac-a960-4999-8464-e3f0aa25b381&quot;:{&quot;Application&quot;:&quot;https://spsprodweu5.vssps.visualstudio.com/&quot;,&quot;Deployment&quot;:&quot;https://spsprodweu5.vssps.visualstudio.com/&quot;}}}};&lt;/script&gt;&lt;script type=&quot;text/javascript&quot;&gt; var __cultureInfo = __vssPageContext.microsoftAjaxConfig.cultureInfo;&lt;/script&gt;&#13;&#10;&lt;script type=&quot;text/javascript&quot;&gt;if (window.performance &amp;&amp; window.performance.mark) { window.performance.mark('startLoadBundleOuter-basejs'); }&lt;/script&gt;&#13;&#10;&lt;script data-bundlelength=&quot;125076&quot; data-bundlename=&quot;basejs&quot; src=&quot;/_public/_Bundling/Content?bundle=vss-bundle-basejs-v9GpWWBnsWqhM23ijhK2HfAqLowTXGUqZLDRsBCZbkfY=&quot; type=&quot;text/javascript&quot;&gt;&lt;/script&gt;&#13;&#10;&lt;script type=&quot;text/javascript&quot;&gt;if (window.performance &amp;&amp; window.performance.mark) { window.performance.mark('endLoadBundleOuter-basejs'); }&lt;/script&gt;&#13;&#10;&#13;&#10;&#13;&#10;&lt;script type=&quot;text/javascript&quot;&gt; require.config(__vssPageContext.moduleLoaderConfig);&lt;/script&gt;&#13;&#10;&#13;&#10;    &lt;input name=&quot;__RequestVerificationToken&quot; type=&quot;hidden&quot; value=&quot;M0W7R8vUv1Ltul2RqNA1mF-OLoUgvT2KfmsVQoI0qHQIGYOHpwejCO9KXFBI5MNYGrctnPWmvrGnTi9nOueR3XrpaO41&quot; /&gt;&lt;input name=&quot;__RequestVerificationToken2&quot; type=&quot;hidden&quot; value=&quot;__RequestVerificationToken2f8502672-cdfb-44b9-a72b-7e7109356c3b&quot; /&gt;&#13;&#10;    &#13;&#10;    &#13;&#10;&#13;&#10;&#13;&#10;    &#13;&#10;    &#13;&#10;    &lt;div class=&quot;account signin main-container hide&quot;&gt;&#13;&#10;&#13;&#10;&#13;&#10;            &lt;div class=&quot;page-content&quot;&gt;&#13;&#10;                &lt;div class=&quot;header-section&quot; role=&quot;banner&quot;&gt;&#13;&#10;                    &#13;&#10;&#13;&#10;                    &lt;link rel=&quot;stylesheet&quot; type=&quot;text/css&quot; href=&quot;/_static/tfs/M182_20210209.5/_content/Combined.css&quot;&gt;&#13;&#10;                    &lt;div id=&quot;ux-header&quot; class=&quot;FF ltr vsIntegrate&quot; xmlns=&quot;http://www.w3.org/1999/xhtml&quot;&gt;&#13;&#10;                        &lt;span id=&quot;isMobile&quot;&gt;&lt;/span&gt;&#13;&#10;                        &lt;div class=&quot;upperBand&quot;&gt;&#13;&#10;                            &lt;div class=&quot;upperBandContent&quot;&gt;&#13;&#10;                                &lt;div class=&quot;left&quot;&gt;&lt;/div&gt;&#13;&#10;                                &lt;div class=&quot;right&quot;&gt;&#13;&#10;                                    &lt;div class=&quot;profileImage&quot;&gt;&lt;/div&gt;&#13;&#10;&#13;&#10;                                    &lt;div id=&quot;signIn&quot;&gt;&#13;&#10;                                        &lt;a class=&quot;:SignedOutProfileElement: createProfileLink&quot; href=&quot;/go/profile&quot; title=&quot;Anonymous&quot;&gt;Anonymous&lt;/a&gt;&#13;&#10;                                        &lt;a class=&quot;scarabLink&quot; href=&quot;/_signout&quot;&gt;Sign out&lt;/a&gt;&#13;&#10;                                    &lt;/div&gt;&#13;&#10;                                &lt;/div&gt;&#13;&#10;                                &lt;div class=&quot;clear-both&quot;&gt;&lt;/div&gt;&#13;&#10;                            &lt;/div&gt;&#13;&#10;                        &lt;/div&gt;&#13;&#10;                    &lt;/div&gt;&#13;&#10;                &lt;/div&gt;&#13;&#10;                &lt;div class=&quot;content-section&quot; role=&quot;main&quot;&gt;&#13;&#10;                    &#13;&#10;    &#13;&#10;            &lt;div class=&quot;signin-main-content&quot;&gt;&#13;&#10;                &lt;noscript&gt;&#13;&#10;                    &lt;span class=&quot;error&quot;&gt;Microsoft Internet Explorer&amp;#39;s Enhanced Security Configuration is currently enabled on your environment. This enhanced level of security prevents our web integration experiences from displaying or performing correctly. To continue with your operation please disable this configuration or contact your administrator.&lt;/span&gt;&#13;&#10;                &lt;/noscript&gt;&#13;&#10;                &lt;div class=&quot;provider-control&quot;&gt;                    &#13;&#10;                    &lt;script class=&quot;options&quot; defer=&quot;defer&quot; type=&quot;application/json&quot;&gt;{&quot;providerOptions&quot;:{&quot;force&quot;:false,&quot;orgIdAuthUrl&quot;:&quot;https://login.microsoftonline.com/common/oauth2/authorize?client_id=499b84ac-1321-427f-aa17-267ca6975798\u0026site_id=501454\u0026response_mode=form_post\u0026response_type=code+id_token\u0026redirect_uri=https%3A%2F%2Fspsprodweu5.vssps.visualstudio.com%2F_signedin\u0026nonce=6c5b8a8e-c906-44f2-8dfe-9e8b50deb997\u0026state=realm%3Dvstmr.dev.azure.com%26reply_to%3Dhttps%253A%252F%252Fvstmr.dev.azure.com%252Fselcuktemizsoy%252Fselcuktemizsoy%252F_apis%252Ftestresults%252Fresults%252Fresultmetadata%253F%253D%2526api-version%253D6.0-preview.4%26ht%3D2%26hid%3Deda72b4f-c88d-43ae-966c-fb0039973b0c%26nonce%3D6c5b8a8e-c906-44f2-8dfe-9e8b50deb997\u0026resource=https%3A%2F%2Fmanagement.core.windows.net%2F\u0026cid=6c5b8a8e-c906-44f2-8dfe-9e8b50deb997\u0026wsucxt=1\u0026githubsi=true\u0026msaoauth2=true&quot;,&quot;user&quot;:null,&quot;signInContext&quot;:&quot;eyJodCI6MiwiaGlkIjoiYmM4YjYyY2QtZGU1Ny00OTViLTk5ZGQtOTVmODU5ZmY0MzkwIiwicXMiOnsicmVhbG0iOiJ2c3Rtci5kZXYuYXp1cmUuY29tIiwicmVwbHlfdG8iOiJodHRwczovL3ZzdG1yLmRldi5henVyZS5jb20vc2VsY3VrdGVtaXpzb3kvc2VsY3VrdGVtaXpzb3kvX2FwaXMvdGVzdHJlc3VsdHMvcmVzdWx0cy9yZXN1bHRtZXRhZGF0YT89JmFwaS12ZXJzaW9uPTYuMC1wcmV2aWV3LjQiLCJodCI6IjIiLCJoaWQiOiJlZGE3MmI0Zi1jODhkLTQzYWUtOTY2Yy1mYjAwMzk5NzNiMGMiLCJub25jZSI6IjZjNWI4YThlLWM5MDYtNDRmMi04ZGZlLTllOGI1MGRlYjk5NyJ9LCJyciI6IiIsInZoIjoiIiwiY3YiOiIiLCJjcyI6IiJ90&quot;}}&lt;/script&gt;&#13;&#10;                &lt;/div&gt;&#13;&#10;            &lt;/div&gt;&#13;&#10;&#13;&#10;&#13;&#10;                &lt;/div&gt;&#13;&#10;                 &#13;&#10;                     &lt;div&gt;&#13;&#10;                          &#13;&#10;                     &lt;/div&gt;&#13;&#10;                 &#13;&#10;    &#13;&#10;    &lt;/div&gt;&#13;&#10;&#13;&#10;&#13;&#10;    &#13;&#10;    &#13;&#10;&#13;&#10;    &lt;script type=&quot;text/javascript&quot;&gt;if (window.performance &amp;&amp; window.performance.mark) { window.performance.mark('startLoadBundleOuter-common'); }&lt;/script&gt;&#13;&#10;&lt;script data-bundlelength=&quot;205400&quot; data-bundlename=&quot;common&quot; data-includedscripts=&quot;VSS/Bundling&quot; src=&quot;/_public/_Bundling/Content?bundle=vss-bundle-common-vfN5xlLRUukkSBg08hZuFahTJyI3PipyUrn9gnunMNlo=&quot; type=&quot;text/javascript&quot;&gt;&lt;/script&gt;&#13;&#10;&lt;script type=&quot;text/javascript&quot;&gt;if (window.performance &amp;&amp; window.performance.mark) { window.performance.mark('endLoadBundleOuter-common'); }&lt;/script&gt;&#13;&#10;&lt;script type=&quot;text/javascript&quot;&gt;if (window.performance &amp;&amp; window.performance.mark) { window.performance.mark('startLoadBundleOuter-view'); }&lt;/script&gt;&#13;&#10;&lt;script data-bundlelength=&quot;157474&quot; data-bundlename=&quot;view&quot; data-includedscripts=&quot;Authentication/Scripts/SPS.Authentication.Controls;Authentication/Scripts/SPS.Authentication&quot; src=&quot;/_public/_Bundling/Content?bundle=vss-bundle-view-vqohsmcMPUiFhKa8xHNsNn0bH4Z0dhpwMPOXdgEdDUHw=&quot; type=&quot;text/javascript&quot;&gt;&lt;/script&gt;&#13;&#10;&lt;script type=&quot;text/javascript&quot;&gt;if (window.performance &amp;&amp; window.performance.mark) { window.performance.mark('endLoadBundleOuter-view'); }&lt;/script&gt;&#13;&#10;&#13;&#10;&lt;script type=&quot;text/javascript&quot;&gt; if (window.performance &amp;&amp; window.performance.mark) { window.performance.mark('requireStart'); }&#13;&#10;require([&quot;Authentication/Scripts/SPS.Authentication.Controls&quot;,&quot;Authentication/Scripts/SPS.Authentication&quot;], function(){  if (window.performance &amp;&amp; window.performance.mark) { window.performance.mark('requireEnd'); } window.requiredModulesLoaded=true;  });&#13;&#10;&lt;/script&gt;&#13;&#10;&#13;&#10;&lt;/body&gt;&#13;&#10;&lt;/html&gt;&#13;&#10;">* url 'https://jsonplaceholder.typicode.com' .............................. passed
When url "https://vstmr.dev.azure.com/selcuktemizsoy/selcuktemizsoy/_apis/testresults/results/resultmetadata?&amp;api-version=6.0-preview.4" . passed
And request "16" .......................................................... passed
When method POST .......................................................... passed
Then print response ....................................................... passed
And status 200 ............................................................ failed

Stack Trace:
com.intuit.karate.exception.KarateException: users.feature:52 - status code was: 203, expected: 200, response time: 434, url: https://vstmr.dev.azure.com/selcuktemizsoy/selcuktemizsoy/_apis/testresults/results/resultmetadata?&amp;api-version=6.0-preview.4, response: &#13;
&#13;
&lt;!DOCTYPE html PUBLIC "-//W3C//DTD XHTML 1.0 Strict//EN" "http://www.w3.org/TR/xhtml1/DTD/xhtml1-strict.dtd"&gt;&#13;
&#13;
    &#13;
    &#13;
&#13;
&lt;html lang="en-US"&gt;&#13;
&lt;head&gt;&lt;title&gt;&#13;
	&#13;
            Azure DevOps Services | Sign In&#13;
        &#13;
&lt;/title&gt;&lt;meta http-equiv="X-UA-Compatible" content="IE=11;&amp;#32;IE=10;&amp;#32;IE=9;&amp;#32;IE=8" /&gt;&#13;
    &lt;link rel="SHORTCUT ICON" href="/favicon.ico"/&gt;&#13;
&#13;
    &lt;link data-bundlelength="508992" data-bundlename="commoncss" data-highcontrast="/_static/tfs/M182_20210209.5/_cssbundles/HighContrast/vss-bundle-commoncss-v6u3Ge4AQ3uP84WaM1_W6QGvjulv0ohK4twlMPGNhjUY=" data-includedstyles="jQueryUI-Modified;Core;Splitter;PivotView" href="/_static/tfs/M182_20210209.5/_cssbundles/Default/vss-bundle-commoncss-vHQmPgPp5spmzbH-BlYoXG_Hn35TPVL28elmFhmVVmDU=" rel="stylesheet" /&gt;&#13;
&lt;link data-bundlelength="116298" data-bundlename="viewcss" data-highcontrast="/_static/tfs/M182_20210209.5/_cssbundles/HighContrast/vss-bundle-viewcss-vtfMnrmJMJV2boj-Fa92RIMxY_zlsBBPAdos3V1rIXA4=" data-includedstyles="VSS.Controls" href="/_static/tfs/M182_20210209.5/_cssbundles/Default/vss-bundle-viewcss-v9YWu-gu1EsBKWCVDchwAqVtMik782dp5J3eM8pJXNoY=" rel="stylesheet" /&gt;&#13;
&#13;
    &lt;!--UxServices customizations --&gt;&#13;
    &#13;
    &lt;link href="/_static/tfs/M182_20210209.5/_content/Authentication.css" type="text/css" rel="stylesheet" /&gt;&#13;
    &#13;
&lt;/head&gt;&#13;
&#13;
&lt;body class="platform"&gt;&#13;
&#13;
    &lt;script type="text/javascript"&gt; var __vssPageContext = {"webContext":{"user":{"id":"aaaaaaaa-aaaa-aaaa-aaaa-aaaaaaaaaaaa","name":"Anonymous","email":"","uniqueName":"TEAM FOUNDATION\\Anonymous"},"host":{"id":"6ea8e2d5-abbb-45c8-a5e9-b79d88a48b35","name":"TEAM FOUNDATION","uri":"https://spsprodweu5.vssps.visualstudio.com/","relativeUri":"/","hostType":"deployment","scheme":"https","authority":"spsprodweu5.vssps.visualstudio.com"}},"moduleLoaderConfig":{"baseUrl":"/_static/tfs/M182_20210209.5/_scripts/TFS/min/","paths":{"Profile/Scripts/Resources":"en-US","VSS/Resources":"en-US","Account/Scripts/Resources":"en-US","UserManagement/Scripts/Resources":"en-US","Authentication/Scripts/Resources":"en-US"},"map":{},"contributionPaths":{"VSS":{"value":"/_static/tfs/M182_20210209.5/_scripts/TFS/min/VSS","pathType":"default"},"VSS/Resources":{"value":"en-US","pathType":"resource"},"q":{"value":"/_static/tfs/M182_20210209.5/_scripts/TFS/min/q","pathType":"default"},"knockout":{"value":"/_static/tfs/M182_20210209.5/_scripts/TFS/min/knockout","pathType":"default"},"mousetrap":{"value":"/_static/tfs/M182_20210209.5/_scripts/TFS/min/mousetrap","pathType":"default"},"mustache":{"value":"/_static/tfs/M182_20210209.5/_scripts/TFS/min/mustache","pathType":"default"},"react":{"value":"/_static/tfs/M182_20210209.5/_scripts/TFS/min/react.15.3","pathType":"default"},"react-dom":{"value":"/_static/tfs/M182_20210209.5/_scripts/TFS/min/react-dom.15.3","pathType":"default"},"react-transition-group":{"value":"/_static/tfs/M182_20210209.5/_scripts/TFS/min/react-transition-group.15.3","pathType":"default"},"jQueryUI":{"value":"/_static/tfs/M182_20210209.5/_scripts/TFS/min/jQueryUI","pathType":"default"},"jquery":{"value":"/_static/tfs/M182_20210209.5/_scripts/TFS/min/jquery","pathType":"default"},"OfficeFabric":{"value":"/_static/tfs/M182_20210209.5/_scripts/TFS/min/OfficeFabric","pathType":"default"},"tslib":{"value":"/_static/tfs/M182_20210209.5/_scripts/TFS/min/tslib","pathType":"default"},"@uifabric":{"value":"/_static/tfs/M182_20210209.5/_scripts/TFS/min/@uifabric","pathType":"default"},"VSSUI":{"value":"/_static/tfs/M182_20210209.5/_scripts/TFS/min/VSSUI","pathType":"default"}},"shim":{"jquery":{"deps":[],"exports":"jQuery"}},"waitSeconds":30},"coreReferences":{"stylesheets":[{"url":"/_static/tfs/M182_20210209.5/_cssbundles/Default/vss-bundle-ext-core-css-vNmgDWCLCX0sHlt44FFqt9QrKVBLhz4rqsgP12zXSp8g=","highContrastUrl":null,"isCoreStylesheet":true}],"scripts":[{"identifier":"JQuery","url":"/_static/3rdParty/_scripts/jquery-2.2.4.min.js","fallbackUrl":null,"fallbackCondition":null,"isCoreModule":true},{"identifier":"JQueryXDomain","url":"/_static/3rdParty/_scripts/jquery.xdomainrequest.min.js","fallbackUrl":null,"fallbackCondition":null,"isCoreModule":true},{"identifier":"Promise","url":"/_static/tfs/M182_20210209.5/_scripts/TFS/min/promise.js","fallbackUrl":null,"fallbackCondition":null,"isCoreModule":true},{"identifier":"GlobalScripts","url":"/_static/tfs/M182_20210209.5/_scripts/TFS/min/global-scripts.js","fallbackUrl":null,"fallbackCondition":null,"isCoreModule":true},{"identifier":"LoaderFixes","url":"/_static/tfs/M182_20210209.5/_scripts/TFS/pre-loader-shim.min.js","fallbackUrl":null,"fallbackCondition":null,"isCoreModule":false},{"identifier":"AMDLoader","url":"/_static/3rdParty/_scripts/require.min.js","fallbackUrl":null,"fallbackCondition":null,"isCoreModule":true},{"identifier":"LoaderFixes","url":"/_static/tfs/M182_20210209.5/_scripts/TFS/post-loader-shim.min.js","fallbackUrl":null,"fallbackCondition":null,"isCoreModule":false}],"coreScriptsBundle":{"identifier":"CoreBundle","url":"/_public/_Bundling/Content?bundle=vss-bundle-basejs-v9GpWWBnsWqhM23ijhK2HfAqLowTXGUqZLDRsBCZbkfY=","fallbackUrl":null,"fallbackCondition":null,"isCoreModule":true},"extensionCoreReferences":{"identifier":"CoreBundle","url":"/_public/_Bundling/Content?bundle=vss-bundle-ext-core-vsNJx8ypQuBWNwKzRW_9nV4pDw4J8h928hV1LG5CIPF8=","fallbackUrl":null,"fallbackCondition":null,"isCoreModule":true}},"webAccessConfiguration":{"isHosted":true,"paths":{"rootPath":"/","staticContentRootPath":"/","staticContentVersion":"M182_20210209.5","resourcesPath":"/_static/tfs/M182_20210209.5/_content/","staticRootTfs":"/_static/tfs/M182_20210209.5/","cdnFallbackStaticRootTfs":"/_static/tfs/M182_20210209.5/","staticRoot3rdParty":"/_static/3rdParty/"},"api":{"webApiVersion":"1","areaPrefix":"_","controllerPrefix":""},"mailSettings":{"enabled":false},"registryItems":{}},"microsoftAjaxConfig":{"cultureInfo":{"name":"en-US","numberFormat":{"CurrencyDecimalDigits":2,"CurrencyDecimalSeparator":".","IsReadOnly":true,"CurrencyGroupSizes":[3],"NumberGroupSizes":[3],"PercentGroupSizes":[3],"CurrencyGroupSeparator":",","CurrencySymbol":"$","NaNSymbol":"NaN","CurrencyNegativePattern":0,"NumberNegativePattern":1,"PercentPositivePattern":1,"PercentNegativePattern":1,"NegativeInfinitySymbol":"-∞","NegativeSign":"-","NumberDecimalDigits":2,"NumberDecimalSeparator":".","NumberGroupSeparator":",","CurrencyPositivePattern":0,"PositiveInfinitySymbol":"∞","PositiveSign":"+","PercentDecimalDigits":2,"PercentDecimalSeparator":".","PercentGroupSeparator":",","PercentSymbol":"%","PerMilleSymbol":"‰","NativeDigits":["0","1","2","3","4","5","6","7","8","9"],"DigitSubstitution":1},"dateTimeFormat":{"AMDesignator":"AM","Calendar":{"MinSupportedDateTime":"0001-01-01T00:00:00","MaxSupportedDateTime":"9999-12-31T23:59:59.9999999","AlgorithmType":1,"CalendarType":1,"Eras":[1],"TwoDigitYearMax":2029,"IsReadOnly":true},"DateSeparator":"/","FirstDayOfWeek":0,"CalendarWeekRule":0,"FullDateTimePattern":"dddd, MMMM d, yyyy h:mm:ss tt","LongDatePattern":"dddd, MMMM d, yyyy","LongTimePattern":"h:mm:ss tt","MonthDayPattern":"MMMM d","PMDesignator":"PM","RFC1123Pattern":"ddd, dd MMM yyyy HH':'mm':'ss 'GMT'","ShortDatePattern":"M/d/yyyy","ShortTimePattern":"h:mm tt","SortableDateTimePattern":"yyyy'-'MM'-'dd'T'HH':'mm':'ss","TimeSeparator":":","UniversalSortableDateTimePattern":"yyyy'-'MM'-'dd HH':'mm':'ss'Z'","YearMonthPattern":"MMMM yyyy","AbbreviatedDayNames":["Sun","Mon","Tue","Wed","Thu","Fri","Sat"],"ShortestDayNames":["Su","Mo","Tu","We","Th","Fr","Sa"],"DayNames":["Sunday","Monday","Tuesday","Wednesday","Thursday","Friday","Saturday"],"AbbreviatedMonthNames":["Jan","Feb","Mar","Apr","May","Jun","Jul","Aug","Sep","Oct","Nov","Dec",""],"MonthNames":["January","February","March","April","May","June","July","August","September","October","November","December",""],"IsReadOnly":true,"NativeCalendarName":"Gregorian Calendar","AbbreviatedMonthGenitiveNames":["Jan","Feb","Mar","Apr","May","Jun","Jul","Aug","Sep","Oct","Nov","Dec",""],"MonthGenitiveNames":["January","February","March","April","May","June","July","August","September","October","November","December",""]},"numberShortForm":{"QuantitySymbols":["K","M","B"],"NumberGroupSize":1000,"ThousandSymbol":"K"},"eras":null}},"timeZonesConfiguration":{},"featureAvailability":{"featureStates":{"VisualStudio.Services.Contribution.EnableOnPremUnsecureBrowsers":false,"VisualStudio.Service.WebPlatform.ClientErrorReporting":false,"Microsoft.VisualStudio.Services.Gallery.Client.UseCdnAssetUri":false,"VisualStudio.Services.WebAccess.SubresourceIntegrity":false,"VisualStudio.Services.IdentityPicker.ReactProfileCard":true}},"appInsightsConfiguration":{"enabled":false,"instrumentationKey":"00000000-0000-0000-0000-000000000000","insightsScriptUrl":null},"diagnostics":{"sessionId":"dd957026-5f52-4b5e-b5b6-2c61ba7d5b3b","activityId":"dd957026-5f52-4b5e-b5b6-2c61ba7d5b3b","bundlingEnabled":true,"webPlatformVersion":"M182","serviceVersion":"Dev18.M182.1 (build: AzureDevOps_M182_20210209.5)"},"navigation":{"topMostLevel":"deployment","area":"","currentController":"Signin","currentAction":"Index","routeId":"LegacyWebAccessRoute","routeValues":{"controller":"Signin","action":"Index"}},"globalization":{"explicitTheme":"","theme":"Default","culture":"en-US","timezoneOffset":0,"timeZoneId":"UTC"},"serviceInstanceId":"951917ac-a960-4999-8464-e3f0aa25b381","hubsContext":{},"serviceLocations":{"locations":{"951917ac-a960-4999-8464-e3f0aa25b381":{"Application":"https://spsprodweu5.vssps.visualstudio.com/","Deployment":"https://spsprodweu5.vssps.visualstudio.com/"}}}};&lt;/script&gt;&lt;script type="text/javascript"&gt; var __cultureInfo = __vssPageContext.microsoftAjaxConfig.cultureInfo;&lt;/script&gt;&#13;
&lt;script type="text/javascript"&gt;if (window.performance &amp;&amp; window.performance.mark) { window.performance.mark('startLoadBundleOuter-basejs'); }&lt;/script&gt;&#13;
&lt;script data-bundlelength="125076" data-bundlename="basejs" src="/_public/_Bundling/Content?bundle=vss-bundle-basejs-v9GpWWBnsWqhM23ijhK2HfAqLowTXGUqZLDRsBCZbkfY=" type="text/javascript"&gt;&lt;/script&gt;&#13;
&lt;script type="text/javascript"&gt;if (window.performance &amp;&amp; window.performance.mark) { window.performance.mark('endLoadBundleOuter-basejs'); }&lt;/script&gt;&#13;
&#13;
&#13;
&lt;script type="text/javascript"&gt; require.config(__vssPageContext.moduleLoaderConfig);&lt;/script&gt;&#13;
&#13;
    &lt;input name="__RequestVerificationToken" type="hidden" value="M0W7R8vUv1Ltul2RqNA1mF-OLoUgvT2KfmsVQoI0qHQIGYOHpwejCO9KXFBI5MNYGrctnPWmvrGnTi9nOueR3XrpaO41" /&gt;&lt;input name="__RequestVerificationToken2" type="hidden" value="__RequestVerificationToken2f8502672-cdfb-44b9-a72b-7e7109356c3b" /&gt;&#13;
    &#13;
    &#13;
&#13;
&#13;
    &#13;
    &#13;
    &lt;div class="account signin main-container hide"&gt;&#13;
&#13;
&#13;
            &lt;div class="page-content"&gt;&#13;
                &lt;div class="header-section" role="banner"&gt;&#13;
                    &#13;
&#13;
                    &lt;link rel="stylesheet" type="text/css" href="/_static/tfs/M182_20210209.5/_content/Combined.css"&gt;&#13;
                    &lt;div id="ux-header" class="FF ltr vsIntegrate" xmlns="http://www.w3.org/1999/xhtml"&gt;&#13;
                        &lt;span id="isMobile"&gt;&lt;/span&gt;&#13;
                        &lt;div class="upperBand"&gt;&#13;
                            &lt;div class="upperBandContent"&gt;&#13;
                                &lt;div class="left"&gt;&lt;/div&gt;&#13;
                                &lt;div class="right"&gt;&#13;
                                    &lt;div class="profileImage"&gt;&lt;/div&gt;&#13;
&#13;
                                    &lt;div id="signIn"&gt;&#13;
                                        &lt;a class=":SignedOutProfileElement: createProfileLink" href="/go/profile" title="Anonymous"&gt;Anonymous&lt;/a&gt;&#13;
                                        &lt;a class="scarabLink" href="/_signout"&gt;Sign out&lt;/a&gt;&#13;
                                    &lt;/div&gt;&#13;
                                &lt;/div&gt;&#13;
                                &lt;div class="clear-both"&gt;&lt;/div&gt;&#13;
                            &lt;/div&gt;&#13;
                        &lt;/div&gt;&#13;
                    &lt;/div&gt;&#13;
                &lt;/div&gt;&#13;
                &lt;div class="content-section" role="main"&gt;&#13;
                    &#13;
    &#13;
            &lt;div class="signin-main-content"&gt;&#13;
                &lt;noscript&gt;&#13;
                    &lt;span class="error"&gt;Microsoft Internet Explorer&amp;#39;s Enhanced Security Configuration is currently enabled on your environment. This enhanced level of security prevents our web integration experiences from displaying or performing correctly. To continue with your operation please disable this configuration or contact your administrator.&lt;/span&gt;&#13;
                &lt;/noscript&gt;&#13;
                &lt;div class="provider-control"&gt;                    &#13;
                    &lt;script class="options" defer="defer" type="application/json"&gt;{"providerOptions":{"force":false,"orgIdAuthUrl":"https://login.microsoftonline.com/common/oauth2/authorize?client_id=499b84ac-1321-427f-aa17-267ca6975798\u0026site_id=501454\u0026response_mode=form_post\u0026response_type=code+id_token\u0026redirect_uri=https%3A%2F%2Fspsprodweu5.vssps.visualstudio.com%2F_signedin\u0026nonce=6c5b8a8e-c906-44f2-8dfe-9e8b50deb997\u0026state=realm%3Dvstmr.dev.azure.com%26reply_to%3Dhttps%253A%252F%252Fvstmr.dev.azure.com%252Fselcuktemizsoy%252Fselcuktemizsoy%252F_apis%252Ftestresults%252Fresults%252Fresultmetadata%253F%253D%2526api-version%253D6.0-preview.4%26ht%3D2%26hid%3Deda72b4f-c88d-43ae-966c-fb0039973b0c%26nonce%3D6c5b8a8e-c906-44f2-8dfe-9e8b50deb997\u0026resource=https%3A%2F%2Fmanagement.core.windows.net%2F\u0026cid=6c5b8a8e-c906-44f2-8dfe-9e8b50deb997\u0026wsucxt=1\u0026githubsi=true\u0026msaoauth2=true","user":null,"signInContext":"eyJodCI6MiwiaGlkIjoiYmM4YjYyY2QtZGU1Ny00OTViLTk5ZGQtOTVmODU5ZmY0MzkwIiwicXMiOnsicmVhbG0iOiJ2c3Rtci5kZXYuYXp1cmUuY29tIiwicmVwbHlfdG8iOiJodHRwczovL3ZzdG1yLmRldi5henVyZS5jb20vc2VsY3VrdGVtaXpzb3kvc2VsY3VrdGVtaXpzb3kvX2FwaXMvdGVzdHJlc3VsdHMvcmVzdWx0cy9yZXN1bHRtZXRhZGF0YT89JmFwaS12ZXJzaW9uPTYuMC1wcmV2aWV3LjQiLCJodCI6IjIiLCJoaWQiOiJlZGE3MmI0Zi1jODhkLTQzYWUtOTY2Yy1mYjAwMzk5NzNiMGMiLCJub25jZSI6IjZjNWI4YThlLWM5MDYtNDRmMi04ZGZlLTllOGI1MGRlYjk5NyJ9LCJyciI6IiIsInZoIjoiIiwiY3YiOiIiLCJjcyI6IiJ90"}}&lt;/script&gt;&#13;
                &lt;/div&gt;&#13;
            &lt;/div&gt;&#13;
&#13;
&#13;
                &lt;/div&gt;&#13;
                 &#13;
                     &lt;div&gt;&#13;
                          &#13;
                     &lt;/div&gt;&#13;
                 &#13;
    &#13;
    &lt;/div&gt;&#13;
&#13;
&#13;
    &#13;
    &#13;
&#13;
    &lt;script type="text/javascript"&gt;if (window.performance &amp;&amp; window.performance.mark) { window.performance.mark('startLoadBundleOuter-common'); }&lt;/script&gt;&#13;
&lt;script data-bundlelength="205400" data-bundlename="common" data-includedscripts="VSS/Bundling" src="/_public/_Bundling/Content?bundle=vss-bundle-common-vfN5xlLRUukkSBg08hZuFahTJyI3PipyUrn9gnunMNlo=" type="text/javascript"&gt;&lt;/script&gt;&#13;
&lt;script type="text/javascript"&gt;if (window.performance &amp;&amp; window.performance.mark) { window.performance.mark('endLoadBundleOuter-common'); }&lt;/script&gt;&#13;
&lt;script type="text/javascript"&gt;if (window.performance &amp;&amp; window.performance.mark) { window.performance.mark('startLoadBundleOuter-view'); }&lt;/script&gt;&#13;
&lt;script data-bundlelength="157474" data-bundlename="view" data-includedscripts="Authentication/Scripts/SPS.Authentication.Controls;Authentication/Scripts/SPS.Authentication" src="/_public/_Bundling/Content?bundle=vss-bundle-view-vqohsmcMPUiFhKa8xHNsNn0bH4Z0dhpwMPOXdgEdDUHw=" type="text/javascript"&gt;&lt;/script&gt;&#13;
&lt;script type="text/javascript"&gt;if (window.performance &amp;&amp; window.performance.mark) { window.performance.mark('endLoadBundleOuter-view'); }&lt;/script&gt;&#13;
&#13;
&lt;script type="text/javascript"&gt; if (window.performance &amp;&amp; window.performance.mark) { window.performance.mark('requireStart'); }&#13;
require(["Authentication/Scripts/SPS.Authentication.Controls","Authentication/Scripts/SPS.Authentication"], function(){  if (window.performance &amp;&amp; window.performance.mark) { window.performance.mark('requireEnd'); } window.requiredModulesLoaded=true;  });&#13;
&lt;/script&gt;&#13;
&#13;
&lt;/body&gt;&#13;
&lt;/html&gt;&#13;

	at ✽.And status 200 (users.feature:52)</failure>
  </testcase>
</testsuite>
